<?xml version="1.0" encoding="UTF-8"?>
<testsuite xmlns:xsi="http://www.w3.org/2001/XMLSchema-instance" xsi:noNamespaceSchemaLocation="https://maven.apache.org/surefire/maven-surefire-plugin/xsd/surefire-test-report-3.0.xsd" version="3.0" name="carwash.model.PelangganVipTest" time="0.024" tests="2" errors="0" skipped="0" failures="0">
  <properties>
[...]
</properties>
  <testcase name="testConstructorAndGetters" classname="carwash.model.PelangganVipTest" time="0.005"/>
  <testcase name="testTampilkanInfo" classname="carwash.model.PelangganVipTest" time="0.009">
    <system-err><![CDATA[May 16, 2025 6:33:34 PM carwash.model.PelangganVip tampilkanInfo
INFO: Pelanggan Vip
May 16, 2025 6:33:34 PM carwash.model.PelangganVip tampilkanInfo
INFO: Nama: Dewi
May 16, 2025 6:33:34 PM carwash.model.PelangganVip tampilkanInfo
INFO: Telepon: 08765432109
]]></system-err>
  </testcase>
</testsuite>